0    ERROR [2014-12-03 09:48:21]  The page http://www.ccgp-shandong.gov.cn/fin_info/site/read.jsp?colcode=0301&id=164441 , the selector content , the index  , get the result is empty
23   WARN  [2014-12-03 09:48:21]  Don't get the match data ((20\d{2}[-|/|年](?:0[1-9]|1[012])[-|/|月](?:0[1-9]|[12][0-9]|3[01])日?)) from 一、采购人：山东省卫生和计划生育委员会  地址：济南市燕东新路9号  联系方式：高晖  67876327.
0    ERROR [2014-12-03 09:50:51]  The page http://www.ccgp-shandong.gov.cn/fin_info/site/read.jsp?colcode=0301&id=164441 , the selector content , the index  , get the result is empty
12   WARN  [2014-12-03 09:50:51]  Don't get the match data ((20\d{2}[-|/|年](?:0[1-9]|1[012])[-|/|月](?:0[1-9]|[12][0-9]|3[01])日?)) from 一、采购人：山东省卫生和计划生育委员会  地址：济南市燕东新路9号  联系方式：高晖  67876327.
0    WARN  [2014-12-03 09:53:42]  Don't get the match data ((20\d{2}[-|/|年](?:0[1-9]|1[012])[-|/|月](?:0[1-9]|[12][0-9]|3[01])日?)) from 一、采购人：山东省卫生和计划生育委员会  地址：济南市燕东新路9号  联系方式：高晖  67876327.
0    ERROR [2014-12-03 10:17:59]  Match filter defined error.
0    WARN  [2014-12-03 10:18:35]  Don't get the match data (/(\d+)) from 1.
0    WARN  [2014-12-03 10:22:15]  Don't get the match data (/(\d+)) from 1.
0    WARN  [2014-12-03 12:00:51]  Don't get the match data (/(\d+)) from 0.
0    INFO  [2014-12-03 14:47:33]  Already exists url http://www.cs.com.cn/xwzx/hg/201412/t20141203_4579765.html
0    INFO  [2014-12-03 14:47:33]  Already exists url http://www.cs.com.cn/xwzx/hg/201412/t20141203_4579713.html
0    INFO  [2014-12-03 14:47:33]  Already exists url http://www.cs.com.cn/xwzx/hg/201412/t20141203_4579659.html
0    INFO  [2014-12-03 14:47:33]  Already exists url http://www.cs.com.cn/xwzx/hg/201412/t20141203_4579533.html
11   INFO  [2014-12-03 14:47:33]  Already exists url http://www.cs.com.cn/xwzx/hg/201412/t20141203_4579523.html
13   INFO  [2014-12-03 14:47:33]  Already exists url http://www.cs.com.cn/xwzx/hg/201412/t20141203_4579495.html
15   INFO  [2014-12-03 14:47:33]  Already exists url http://www.cs.com.cn/xwzx/hg/201412/t20141203_4579358.html
17   INFO  [2014-12-03 14:47:33]  Already exists url http://www.cs.com.cn/xwzx/hg/201412/t20141203_4579327.html
20   INFO  [2014-12-03 14:47:33]  Already exists url http://www.cs.com.cn/xwzx/hg/201412/t20141203_4579306.html
20   INFO  [2014-12-03 14:47:33]  Already exists url http://www.cs.com.cn/xwzx/hg/201412/t20141203_4579205.html
20   INFO  [2014-12-03 14:47:33]  Already exists url http://www.cs.com.cn/xwzx/hg/201412/t20141203_4579193.html
20   INFO  [2014-12-03 14:47:33]  Already exists url http://www.cs.com.cn/xwzx/hg/201412/t20141203_4579174.html
20   INFO  [2014-12-03 14:47:33]  Already exists url http://www.cs.com.cn/xwzx/hg/201412/t20141203_4579170.html
20   INFO  [2014-12-03 14:47:33]  Already exists url http://www.cs.com.cn/xwzx/hg/201412/t20141203_4579166.html
30   INFO  [2014-12-03 14:47:33]  Already exists url http://www.cs.com.cn/xwzx/hg/201412/t20141203_4579149.html
30   INFO  [2014-12-03 14:47:33]  Already exists url http://www.cs.com.cn/xwzx/hg/201412/t20141202_4579058.html
30   INFO  [2014-12-03 14:47:33]  Already exists url http://www.cs.com.cn/xwzx/hg/201412/t20141202_4579057.html
30   INFO  [2014-12-03 14:47:33]  Already exists url http://www.cs.com.cn/xwzx/hg/201412/t20141202_4579056.html
30   INFO  [2014-12-03 14:47:33]  Already exists url http://www.cs.com.cn/xwzx/hg/201412/t20141202_4579054.html
40   INFO  [2014-12-03 14:47:33]  Already exists url http://www.cs.com.cn/xwzx/hg/201412/t20141202_4579053.html
40   INFO  [2014-12-03 14:47:33]  Already exists url http://www.cs.com.cn/xwzx/hg/201412/t20141202_4579051.html
40   INFO  [2014-12-03 14:47:33]  Already exists url http://www.cs.com.cn/xwzx/hg/201412/t20141202_4579050.html
40   INFO  [2014-12-03 14:47:33]  Already exists url http://www.cs.com.cn/xwzx/hg/201412/t20141202_4578996.html
50   INFO  [2014-12-03 14:47:33]  Already exists url http://www.cs.com.cn/xwzx/hg/201412/t20141202_4578911.html
50   INFO  [2014-12-03 14:47:33]  Already exists url http://www.cs.com.cn/xwzx/hg/201412/t20141202_4578767.html
50   INFO  [2014-12-03 14:47:33]  Already exists url http://www.cs.com.cn/xwzx/hg/201412/t20141202_4578757.html
50   INFO  [2014-12-03 14:47:33]  Already exists url http://www.cs.com.cn/xwzx/hg/201412/t20141202_4578755.html
50   INFO  [2014-12-03 14:47:33]  Already exists url http://www.cs.com.cn/xwzx/hg/201412/t20141202_4578747.html
50   INFO  [2014-12-03 14:47:33]  Already exists url http://www.cs.com.cn/xwzx/hg/201412/t20141202_4578720.html
50   INFO  [2014-12-03 14:47:33]  Already exists url http://www.cs.com.cn/xwzx/hg/201412/t20141202_4578716.html
60   INFO  [2014-12-03 14:47:33]  Already exists url http://www.cs.com.cn/xwzx/hg/201412/t20141202_4578687.html
60   INFO  [2014-12-03 14:47:33]  Already exists url http://www.cs.com.cn/xwzx/hg/201412/t20141202_4578686.html
60   INFO  [2014-12-03 14:47:33]  Already exists url http://www.cs.com.cn/xwzx/hg/201412/t20141202_4578684.html
60   INFO  [2014-12-03 14:47:33]  Already exists url http://www.cs.com.cn/xwzx/hg/201412/t20141202_4578568.html
60   INFO  [2014-12-03 14:47:33]  Already exists url http://www.cs.com.cn/xwzx/hg/201412/t20141202_4578556.html
70   INFO  [2014-12-03 14:47:33]  Already exists url http://www.cs.com.cn/xwzx/hg/201412/t20141202_4578524.html
70   INFO  [2014-12-03 14:47:33]  Already exists url http://www.cs.com.cn/xwzx/hg/201412/t20141202_4578233.html
70   INFO  [2014-12-03 14:47:33]  Already exists url http://www.cs.com.cn/xwzx/hg/201412/t20141202_4578194.html
70   INFO  [2014-12-03 14:47:33]  Already exists url http://www.cs.com.cn/xwzx/hg/201412/t20141202_4578044.html
0    INFO  [2014-12-03 16:20:54]  Already exists url http://www.cs.com.cn/xwzx/hg/201412/t20141203_4579765.html
0    INFO  [2014-12-03 16:20:54]  Already exists url http://www.cs.com.cn/xwzx/hg/201412/t20141203_4579713.html
10   INFO  [2014-12-03 16:20:54]  Already exists url http://www.cs.com.cn/xwzx/hg/201412/t20141203_4579659.html
10   INFO  [2014-12-03 16:20:54]  Already exists url http://www.cs.com.cn/xwzx/hg/201412/t20141203_4579533.html
10   INFO  [2014-12-03 16:20:54]  Already exists url http://www.cs.com.cn/xwzx/hg/201412/t20141203_4579523.html
10   INFO  [2014-12-03 16:20:54]  Already exists url http://www.cs.com.cn/xwzx/hg/201412/t20141203_4579495.html
21   INFO  [2014-12-03 16:20:54]  Already exists url http://www.cs.com.cn/xwzx/hg/201412/t20141203_4579358.html
21   INFO  [2014-12-03 16:20:54]  Already exists url http://www.cs.com.cn/xwzx/hg/201412/t20141203_4579327.html
21   INFO  [2014-12-03 16:20:54]  Already exists url http://www.cs.com.cn/xwzx/hg/201412/t20141203_4579306.html
21   INFO  [2014-12-03 16:20:54]  Already exists url http://www.cs.com.cn/xwzx/hg/201412/t20141203_4579205.html
21   INFO  [2014-12-03 16:20:54]  Already exists url http://www.cs.com.cn/xwzx/hg/201412/t20141203_4579193.html
31   INFO  [2014-12-03 16:20:54]  Already exists url http://www.cs.com.cn/xwzx/hg/201412/t20141203_4579174.html
31   INFO  [2014-12-03 16:20:54]  Already exists url http://www.cs.com.cn/xwzx/hg/201412/t20141203_4579170.html
31   INFO  [2014-12-03 16:20:54]  Already exists url http://www.cs.com.cn/xwzx/hg/201412/t20141203_4579166.html
41   INFO  [2014-12-03 16:20:54]  Already exists url http://www.cs.com.cn/xwzx/hg/201412/t20141203_4579149.html
41   INFO  [2014-12-03 16:20:54]  Already exists url http://www.cs.com.cn/xwzx/hg/201412/t20141202_4579058.html
41   INFO  [2014-12-03 16:20:54]  Already exists url http://www.cs.com.cn/xwzx/hg/201412/t20141202_4579057.html
41   INFO  [2014-12-03 16:20:54]  Already exists url http://www.cs.com.cn/xwzx/hg/201412/t20141202_4579056.html
51   INFO  [2014-12-03 16:20:54]  Already exists url http://www.cs.com.cn/xwzx/hg/201412/t20141202_4579054.html
51   INFO  [2014-12-03 16:20:54]  Already exists url http://www.cs.com.cn/xwzx/hg/201412/t20141202_4579053.html
51   INFO  [2014-12-03 16:20:54]  Already exists url http://www.cs.com.cn/xwzx/hg/201412/t20141202_4579051.html
61   INFO  [2014-12-03 16:20:54]  Already exists url http://www.cs.com.cn/xwzx/hg/201412/t20141202_4579050.html
61   INFO  [2014-12-03 16:20:54]  Already exists url http://www.cs.com.cn/xwzx/hg/201412/t20141202_4578996.html
61   INFO  [2014-12-03 16:20:54]  Already exists url http://www.cs.com.cn/xwzx/hg/201412/t20141202_4578911.html
61   INFO  [2014-12-03 16:20:54]  Already exists url http://www.cs.com.cn/xwzx/hg/201412/t20141202_4578767.html
71   INFO  [2014-12-03 16:20:54]  Already exists url http://www.cs.com.cn/xwzx/hg/201412/t20141202_4578757.html
71   INFO  [2014-12-03 16:20:54]  Already exists url http://www.cs.com.cn/xwzx/hg/201412/t20141202_4578755.html
71   INFO  [2014-12-03 16:20:54]  Already exists url http://www.cs.com.cn/xwzx/hg/201412/t20141202_4578747.html
71   INFO  [2014-12-03 16:20:54]  Already exists url http://www.cs.com.cn/xwzx/hg/201412/t20141202_4578720.html
81   INFO  [2014-12-03 16:20:54]  Already exists url http://www.cs.com.cn/xwzx/hg/201412/t20141202_4578716.html
81   INFO  [2014-12-03 16:20:54]  Already exists url http://www.cs.com.cn/xwzx/hg/201412/t20141202_4578687.html
81   INFO  [2014-12-03 16:20:54]  Already exists url http://www.cs.com.cn/xwzx/hg/201412/t20141202_4578686.html
81   INFO  [2014-12-03 16:20:54]  Already exists url http://www.cs.com.cn/xwzx/hg/201412/t20141202_4578684.html
91   INFO  [2014-12-03 16:20:54]  Already exists url http://www.cs.com.cn/xwzx/hg/201412/t20141202_4578568.html
91   INFO  [2014-12-03 16:20:54]  Already exists url http://www.cs.com.cn/xwzx/hg/201412/t20141202_4578556.html
91   INFO  [2014-12-03 16:20:54]  Already exists url http://www.cs.com.cn/xwzx/hg/201412/t20141202_4578524.html
91   INFO  [2014-12-03 16:20:54]  Already exists url http://www.cs.com.cn/xwzx/hg/201412/t20141202_4578233.html
101  INFO  [2014-12-03 16:20:54]  Already exists url http://www.cs.com.cn/xwzx/hg/201412/t20141202_4578194.html
0    INFO  [2014-12-03 16:21:45]  Already exists url http://www.cs.com.cn/xwzx/hg/201412/t20141203_4579789.html
10   INFO  [2014-12-03 16:21:45]  Already exists url http://www.cs.com.cn/xwzx/hg/201412/t20141203_4579765.html
10   INFO  [2014-12-03 16:21:45]  Already exists url http://www.cs.com.cn/xwzx/hg/201412/t20141203_4579713.html
10   INFO  [2014-12-03 16:21:45]  Already exists url http://www.cs.com.cn/xwzx/hg/201412/t20141203_4579659.html
20   INFO  [2014-12-03 16:21:45]  Already exists url http://www.cs.com.cn/xwzx/hg/201412/t20141203_4579533.html
20   INFO  [2014-12-03 16:21:45]  Already exists url http://www.cs.com.cn/xwzx/hg/201412/t20141203_4579523.html
20   INFO  [2014-12-03 16:21:45]  Already exists url http://www.cs.com.cn/xwzx/hg/201412/t20141203_4579495.html
20   INFO  [2014-12-03 16:21:45]  Already exists url http://www.cs.com.cn/xwzx/hg/201412/t20141203_4579358.html
20   INFO  [2014-12-03 16:21:45]  Already exists url http://www.cs.com.cn/xwzx/hg/201412/t20141203_4579327.html
20   INFO  [2014-12-03 16:21:45]  Already exists url http://www.cs.com.cn/xwzx/hg/201412/t20141203_4579306.html
20   INFO  [2014-12-03 16:21:45]  Already exists url http://www.cs.com.cn/xwzx/hg/201412/t20141203_4579205.html
31   INFO  [2014-12-03 16:21:45]  Already exists url http://www.cs.com.cn/xwzx/hg/201412/t20141203_4579193.html
31   INFO  [2014-12-03 16:21:45]  Already exists url http://www.cs.com.cn/xwzx/hg/201412/t20141203_4579174.html
31   INFO  [2014-12-03 16:21:45]  Already exists url http://www.cs.com.cn/xwzx/hg/201412/t20141203_4579170.html
31   INFO  [2014-12-03 16:21:45]  Already exists url http://www.cs.com.cn/xwzx/hg/201412/t20141203_4579166.html
31   INFO  [2014-12-03 16:21:45]  Already exists url http://www.cs.com.cn/xwzx/hg/201412/t20141203_4579149.html
41   INFO  [2014-12-03 16:21:45]  Already exists url http://www.cs.com.cn/xwzx/hg/201412/t20141202_4579058.html
41   INFO  [2014-12-03 16:21:45]  Already exists url http://www.cs.com.cn/xwzx/hg/201412/t20141202_4579057.html
41   INFO  [2014-12-03 16:21:45]  Already exists url http://www.cs.com.cn/xwzx/hg/201412/t20141202_4579056.html
41   INFO  [2014-12-03 16:21:45]  Already exists url http://www.cs.com.cn/xwzx/hg/201412/t20141202_4579054.html
41   INFO  [2014-12-03 16:21:45]  Already exists url http://www.cs.com.cn/xwzx/hg/201412/t20141202_4579053.html
51   INFO  [2014-12-03 16:21:45]  Already exists url http://www.cs.com.cn/xwzx/hg/201412/t20141202_4579051.html
51   INFO  [2014-12-03 16:21:45]  Already exists url http://www.cs.com.cn/xwzx/hg/201412/t20141202_4579050.html
61   INFO  [2014-12-03 16:21:45]  Already exists url http://www.cs.com.cn/xwzx/hg/201412/t20141202_4578996.html
61   INFO  [2014-12-03 16:21:45]  Already exists url http://www.cs.com.cn/xwzx/hg/201412/t20141202_4578911.html
61   INFO  [2014-12-03 16:21:45]  Already exists url http://www.cs.com.cn/xwzx/hg/201412/t20141202_4578767.html
61   INFO  [2014-12-03 16:21:45]  Already exists url http://www.cs.com.cn/xwzx/hg/201412/t20141202_4578757.html
61   INFO  [2014-12-03 16:21:45]  Already exists url http://www.cs.com.cn/xwzx/hg/201412/t20141202_4578755.html
71   INFO  [2014-12-03 16:21:45]  Already exists url http://www.cs.com.cn/xwzx/hg/201412/t20141202_4578747.html
71   INFO  [2014-12-03 16:21:45]  Already exists url http://www.cs.com.cn/xwzx/hg/201412/t20141202_4578720.html
71   INFO  [2014-12-03 16:21:45]  Already exists url http://www.cs.com.cn/xwzx/hg/201412/t20141202_4578716.html
71   INFO  [2014-12-03 16:21:45]  Already exists url http://www.cs.com.cn/xwzx/hg/201412/t20141202_4578687.html
71   INFO  [2014-12-03 16:21:45]  Already exists url http://www.cs.com.cn/xwzx/hg/201412/t20141202_4578686.html
71   INFO  [2014-12-03 16:21:45]  Already exists url http://www.cs.com.cn/xwzx/hg/201412/t20141202_4578684.html
81   INFO  [2014-12-03 16:21:45]  Already exists url http://www.cs.com.cn/xwzx/hg/201412/t20141202_4578568.html
81   INFO  [2014-12-03 16:21:45]  Already exists url http://www.cs.com.cn/xwzx/hg/201412/t20141202_4578556.html
81   INFO  [2014-12-03 16:21:45]  Already exists url http://www.cs.com.cn/xwzx/hg/201412/t20141202_4578524.html
81   INFO  [2014-12-03 16:21:45]  Already exists url http://www.cs.com.cn/xwzx/hg/201412/t20141202_4578233.html
81   INFO  [2014-12-03 16:21:45]  Already exists url http://www.cs.com.cn/xwzx/hg/201412/t20141202_4578194.html
0    INFO  [2014-12-03 16:23:34]  Already exists url http://www.cs.com.cn/xwzx/hg/201412/t20141203_4579789.html
0    INFO  [2014-12-03 16:23:34]  Already exists url http://www.cs.com.cn/xwzx/hg/201412/t20141203_4579765.html
0    INFO  [2014-12-03 16:23:34]  Already exists url http://www.cs.com.cn/xwzx/hg/201412/t20141203_4579713.html
0    INFO  [2014-12-03 16:23:34]  Already exists url http://www.cs.com.cn/xwzx/hg/201412/t20141203_4579659.html
0    INFO  [2014-12-03 16:23:34]  Already exists url http://www.cs.com.cn/xwzx/hg/201412/t20141203_4579533.html
10   INFO  [2014-12-03 16:23:34]  Already exists url http://www.cs.com.cn/xwzx/hg/201412/t20141203_4579523.html
10   INFO  [2014-12-03 16:23:34]  Already exists url http://www.cs.com.cn/xwzx/hg/201412/t20141203_4579495.html
10   INFO  [2014-12-03 16:23:34]  Already exists url http://www.cs.com.cn/xwzx/hg/201412/t20141203_4579358.html
10   INFO  [2014-12-03 16:23:34]  Already exists url http://www.cs.com.cn/xwzx/hg/201412/t20141203_4579327.html
10   INFO  [2014-12-03 16:23:34]  Already exists url http://www.cs.com.cn/xwzx/hg/201412/t20141203_4579306.html
10   INFO  [2014-12-03 16:23:34]  Already exists url http://www.cs.com.cn/xwzx/hg/201412/t20141203_4579205.html
21   INFO  [2014-12-03 16:23:34]  Already exists url http://www.cs.com.cn/xwzx/hg/201412/t20141203_4579193.html
21   INFO  [2014-12-03 16:23:34]  Already exists url http://www.cs.com.cn/xwzx/hg/201412/t20141203_4579174.html
21   INFO  [2014-12-03 16:23:34]  Already exists url http://www.cs.com.cn/xwzx/hg/201412/t20141203_4579170.html
21   INFO  [2014-12-03 16:23:34]  Already exists url http://www.cs.com.cn/xwzx/hg/201412/t20141203_4579166.html
21   INFO  [2014-12-03 16:23:34]  Already exists url http://www.cs.com.cn/xwzx/hg/201412/t20141203_4579149.html
31   INFO  [2014-12-03 16:23:34]  Already exists url http://www.cs.com.cn/xwzx/hg/201412/t20141202_4579058.html
31   INFO  [2014-12-03 16:23:34]  Already exists url http://www.cs.com.cn/xwzx/hg/201412/t20141202_4579057.html
31   INFO  [2014-12-03 16:23:34]  Already exists url http://www.cs.com.cn/xwzx/hg/201412/t20141202_4579056.html
31   INFO  [2014-12-03 16:23:34]  Already exists url http://www.cs.com.cn/xwzx/hg/201412/t20141202_4579054.html
31   INFO  [2014-12-03 16:23:34]  Already exists url http://www.cs.com.cn/xwzx/hg/201412/t20141202_4579053.html
31   INFO  [2014-12-03 16:23:34]  Already exists url http://www.cs.com.cn/xwzx/hg/201412/t20141202_4579051.html
41   INFO  [2014-12-03 16:23:34]  Already exists url http://www.cs.com.cn/xwzx/hg/201412/t20141202_4579050.html
41   INFO  [2014-12-03 16:23:34]  Already exists url http://www.cs.com.cn/xwzx/hg/201412/t20141202_4578996.html
41   INFO  [2014-12-03 16:23:34]  Already exists url http://www.cs.com.cn/xwzx/hg/201412/t20141202_4578911.html
41   INFO  [2014-12-03 16:23:34]  Already exists url http://www.cs.com.cn/xwzx/hg/201412/t20141202_4578767.html
51   INFO  [2014-12-03 16:23:34]  Already exists url http://www.cs.com.cn/xwzx/hg/201412/t20141202_4578757.html
51   INFO  [2014-12-03 16:23:34]  Already exists url http://www.cs.com.cn/xwzx/hg/201412/t20141202_4578755.html
61   INFO  [2014-12-03 16:23:34]  Already exists url http://www.cs.com.cn/xwzx/hg/201412/t20141202_4578747.html
61   INFO  [2014-12-03 16:23:34]  Already exists url http://www.cs.com.cn/xwzx/hg/201412/t20141202_4578720.html
61   INFO  [2014-12-03 16:23:34]  Already exists url http://www.cs.com.cn/xwzx/hg/201412/t20141202_4578716.html
61   INFO  [2014-12-03 16:23:34]  Already exists url http://www.cs.com.cn/xwzx/hg/201412/t20141202_4578687.html
61   INFO  [2014-12-03 16:23:34]  Already exists url http://www.cs.com.cn/xwzx/hg/201412/t20141202_4578686.html
71   INFO  [2014-12-03 16:23:34]  Already exists url http://www.cs.com.cn/xwzx/hg/201412/t20141202_4578684.html
71   INFO  [2014-12-03 16:23:34]  Already exists url http://www.cs.com.cn/xwzx/hg/201412/t20141202_4578568.html
71   INFO  [2014-12-03 16:23:34]  Already exists url http://www.cs.com.cn/xwzx/hg/201412/t20141202_4578556.html
71   INFO  [2014-12-03 16:23:34]  Already exists url http://www.cs.com.cn/xwzx/hg/201412/t20141202_4578524.html
71   INFO  [2014-12-03 16:23:34]  Already exists url http://www.cs.com.cn/xwzx/hg/201412/t20141202_4578233.html
81   INFO  [2014-12-03 16:23:34]  Already exists url http://www.cs.com.cn/xwzx/hg/201412/t20141202_4578194.html
0    INFO  [2014-12-03 16:24:02]  Already exists url http://www.cs.com.cn/xwzx/hg/201412/t20141203_4579789.html
10   INFO  [2014-12-03 16:24:02]  Already exists url http://www.cs.com.cn/xwzx/hg/201412/t20141203_4579765.html
10   INFO  [2014-12-03 16:24:02]  Already exists url http://www.cs.com.cn/xwzx/hg/201412/t20141203_4579713.html
10   INFO  [2014-12-03 16:24:02]  Already exists url http://www.cs.com.cn/xwzx/hg/201412/t20141203_4579659.html
20   INFO  [2014-12-03 16:24:02]  Already exists url http://www.cs.com.cn/xwzx/hg/201412/t20141203_4579533.html
20   INFO  [2014-12-03 16:24:02]  Already exists url http://www.cs.com.cn/xwzx/hg/201412/t20141203_4579523.html
20   INFO  [2014-12-03 16:24:02]  Already exists url http://www.cs.com.cn/xwzx/hg/201412/t20141203_4579495.html
20   INFO  [2014-12-03 16:24:02]  Already exists url http://www.cs.com.cn/xwzx/hg/201412/t20141203_4579358.html
20   INFO  [2014-12-03 16:24:02]  Already exists url http://www.cs.com.cn/xwzx/hg/201412/t20141203_4579327.html
20   INFO  [2014-12-03 16:24:02]  Already exists url http://www.cs.com.cn/xwzx/hg/201412/t20141203_4579306.html
30   INFO  [2014-12-03 16:24:02]  Already exists url http://www.cs.com.cn/xwzx/hg/201412/t20141203_4579205.html
31   INFO  [2014-12-03 16:24:02]  Already exists url http://www.cs.com.cn/xwzx/hg/201412/t20141203_4579193.html
31   INFO  [2014-12-03 16:24:02]  Already exists url http://www.cs.com.cn/xwzx/hg/201412/t20141203_4579174.html
31   INFO  [2014-12-03 16:24:02]  Already exists url http://www.cs.com.cn/xwzx/hg/201412/t20141203_4579170.html
31   INFO  [2014-12-03 16:24:02]  Already exists url http://www.cs.com.cn/xwzx/hg/201412/t20141203_4579166.html
41   INFO  [2014-12-03 16:24:02]  Already exists url http://www.cs.com.cn/xwzx/hg/201412/t20141203_4579149.html
41   INFO  [2014-12-03 16:24:02]  Already exists url http://www.cs.com.cn/xwzx/hg/201412/t20141202_4579058.html
41   INFO  [2014-12-03 16:24:02]  Already exists url http://www.cs.com.cn/xwzx/hg/201412/t20141202_4579057.html
41   INFO  [2014-12-03 16:24:02]  Already exists url http://www.cs.com.cn/xwzx/hg/201412/t20141202_4579056.html
51   INFO  [2014-12-03 16:24:02]  Already exists url http://www.cs.com.cn/xwzx/hg/201412/t20141202_4579054.html
51   INFO  [2014-12-03 16:24:02]  Already exists url http://www.cs.com.cn/xwzx/hg/201412/t20141202_4579053.html
51   INFO  [2014-12-03 16:24:02]  Already exists url http://www.cs.com.cn/xwzx/hg/201412/t20141202_4579051.html
51   INFO  [2014-12-03 16:24:02]  Already exists url http://www.cs.com.cn/xwzx/hg/201412/t20141202_4579050.html
51   INFO  [2014-12-03 16:24:02]  Already exists url http://www.cs.com.cn/xwzx/hg/201412/t20141202_4578996.html
51   INFO  [2014-12-03 16:24:02]  Already exists url http://www.cs.com.cn/xwzx/hg/201412/t20141202_4578911.html
61   INFO  [2014-12-03 16:24:02]  Already exists url http://www.cs.com.cn/xwzx/hg/201412/t20141202_4578767.html
61   INFO  [2014-12-03 16:24:02]  Already exists url http://www.cs.com.cn/xwzx/hg/201412/t20141202_4578757.html
61   INFO  [2014-12-03 16:24:02]  Already exists url http://www.cs.com.cn/xwzx/hg/201412/t20141202_4578755.html
61   INFO  [2014-12-03 16:24:02]  Already exists url http://www.cs.com.cn/xwzx/hg/201412/t20141202_4578747.html
61   INFO  [2014-12-03 16:24:02]  Already exists url http://www.cs.com.cn/xwzx/hg/201412/t20141202_4578720.html
71   INFO  [2014-12-03 16:24:02]  Already exists url http://www.cs.com.cn/xwzx/hg/201412/t20141202_4578716.html
71   INFO  [2014-12-03 16:24:02]  Already exists url http://www.cs.com.cn/xwzx/hg/201412/t20141202_4578687.html
71   INFO  [2014-12-03 16:24:02]  Already exists url http://www.cs.com.cn/xwzx/hg/201412/t20141202_4578686.html
71   INFO  [2014-12-03 16:24:02]  Already exists url http://www.cs.com.cn/xwzx/hg/201412/t20141202_4578684.html
71   INFO  [2014-12-03 16:24:02]  Already exists url http://www.cs.com.cn/xwzx/hg/201412/t20141202_4578568.html
71   INFO  [2014-12-03 16:24:02]  Already exists url http://www.cs.com.cn/xwzx/hg/201412/t20141202_4578556.html
81   INFO  [2014-12-03 16:24:02]  Already exists url http://www.cs.com.cn/xwzx/hg/201412/t20141202_4578524.html
81   INFO  [2014-12-03 16:24:02]  Already exists url http://www.cs.com.cn/xwzx/hg/201412/t20141202_4578233.html
81   INFO  [2014-12-03 16:24:02]  Already exists url http://www.cs.com.cn/xwzx/hg/201412/t20141202_4578194.html
0    INFO  [2014-12-03 17:07:47]  Already exists url http://www.cs.com.cn/xwzx/hg/201412/t20141203_4579789.html
10   INFO  [2014-12-03 17:07:47]  Already exists url http://www.cs.com.cn/xwzx/hg/201412/t20141203_4579765.html
10   INFO  [2014-12-03 17:07:47]  Already exists url http://www.cs.com.cn/xwzx/hg/201412/t20141203_4579713.html
10   INFO  [2014-12-03 17:07:47]  Already exists url http://www.cs.com.cn/xwzx/hg/201412/t20141203_4579659.html
10   INFO  [2014-12-03 17:07:47]  Already exists url http://www.cs.com.cn/xwzx/hg/201412/t20141203_4579533.html
10   INFO  [2014-12-03 17:07:47]  Already exists url http://www.cs.com.cn/xwzx/hg/201412/t20141203_4579523.html
20   INFO  [2014-12-03 17:07:47]  Already exists url http://www.cs.com.cn/xwzx/hg/201412/t20141203_4579495.html
20   INFO  [2014-12-03 17:07:47]  Already exists url http://www.cs.com.cn/xwzx/hg/201412/t20141203_4579358.html
20   INFO  [2014-12-03 17:07:47]  Already exists url http://www.cs.com.cn/xwzx/hg/201412/t20141203_4579327.html
20   INFO  [2014-12-03 17:07:47]  Already exists url http://www.cs.com.cn/xwzx/hg/201412/t20141203_4579306.html
30   INFO  [2014-12-03 17:07:47]  Already exists url http://www.cs.com.cn/xwzx/hg/201412/t20141203_4579205.html
30   INFO  [2014-12-03 17:07:47]  Already exists url http://www.cs.com.cn/xwzx/hg/201412/t20141203_4579193.html
30   INFO  [2014-12-03 17:07:47]  Already exists url http://www.cs.com.cn/xwzx/hg/201412/t20141203_4579174.html
30   INFO  [2014-12-03 17:07:47]  Already exists url http://www.cs.com.cn/xwzx/hg/201412/t20141203_4579170.html
40   INFO  [2014-12-03 17:07:47]  Already exists url http://www.cs.com.cn/xwzx/hg/201412/t20141203_4579166.html
40   INFO  [2014-12-03 17:07:47]  Already exists url http://www.cs.com.cn/xwzx/hg/201412/t20141203_4579149.html
40   INFO  [2014-12-03 17:07:47]  Already exists url http://www.cs.com.cn/xwzx/hg/201412/t20141202_4579058.html
40   INFO  [2014-12-03 17:07:47]  Already exists url http://www.cs.com.cn/xwzx/hg/201412/t20141202_4579057.html
40   INFO  [2014-12-03 17:07:47]  Already exists url http://www.cs.com.cn/xwzx/hg/201412/t20141202_4579056.html
40   INFO  [2014-12-03 17:07:47]  Already exists url http://www.cs.com.cn/xwzx/hg/201412/t20141202_4579054.html
50   INFO  [2014-12-03 17:07:47]  Already exists url http://www.cs.com.cn/xwzx/hg/201412/t20141202_4579053.html
50   INFO  [2014-12-03 17:07:47]  Already exists url http://www.cs.com.cn/xwzx/hg/201412/t20141202_4579051.html
50   INFO  [2014-12-03 17:07:47]  Already exists url http://www.cs.com.cn/xwzx/hg/201412/t20141202_4579050.html
60   INFO  [2014-12-03 17:07:47]  Already exists url http://www.cs.com.cn/xwzx/hg/201412/t20141202_4578996.html
60   INFO  [2014-12-03 17:07:47]  Already exists url http://www.cs.com.cn/xwzx/hg/201412/t20141202_4578911.html
60   INFO  [2014-12-03 17:07:47]  Already exists url http://www.cs.com.cn/xwzx/hg/201412/t20141202_4578767.html
60   INFO  [2014-12-03 17:07:47]  Already exists url http://www.cs.com.cn/xwzx/hg/201412/t20141202_4578757.html
60   INFO  [2014-12-03 17:07:47]  Already exists url http://www.cs.com.cn/xwzx/hg/201412/t20141202_4578755.html
60   INFO  [2014-12-03 17:07:47]  Already exists url http://www.cs.com.cn/xwzx/hg/201412/t20141202_4578747.html
70   INFO  [2014-12-03 17:07:47]  Already exists url http://www.cs.com.cn/xwzx/hg/201412/t20141202_4578720.html
70   INFO  [2014-12-03 17:07:47]  Already exists url http://www.cs.com.cn/xwzx/hg/201412/t20141202_4578716.html
70   INFO  [2014-12-03 17:07:47]  Already exists url http://www.cs.com.cn/xwzx/hg/201412/t20141202_4578687.html
70   INFO  [2014-12-03 17:07:47]  Already exists url http://www.cs.com.cn/xwzx/hg/201412/t20141202_4578686.html
70   INFO  [2014-12-03 17:07:47]  Already exists url http://www.cs.com.cn/xwzx/hg/201412/t20141202_4578684.html
80   INFO  [2014-12-03 17:07:47]  Already exists url http://www.cs.com.cn/xwzx/hg/201412/t20141202_4578568.html
80   INFO  [2014-12-03 17:07:47]  Already exists url http://www.cs.com.cn/xwzx/hg/201412/t20141202_4578556.html
80   INFO  [2014-12-03 17:07:47]  Already exists url http://www.cs.com.cn/xwzx/hg/201412/t20141202_4578524.html
80   INFO  [2014-12-03 17:07:47]  Already exists url http://www.cs.com.cn/xwzx/hg/201412/t20141202_4578233.html
80   INFO  [2014-12-03 17:07:47]  Already exists url http://www.cs.com.cn/xwzx/hg/201412/t20141202_4578194.html
